Performing C SOURCE FILE Test CMAKE_HAVE_LIBC_PTHREAD failed with the following output:
Change Dir: /root/doxygen/build/CMakeFiles/CMakeTmp

Run Build Command(s):/usr/bin/make cmTC_791a3/fast && /usr/bin/make -f CMakeFiles/cmTC_791a3.dir/build.make CMakeFiles/cmTC_791a3.dir/build
make[1]: Entering directory '/root/doxygen/build/CMakeFiles/CMakeTmp'
Building C object CMakeFiles/cmTC_791a3.dir/src.c.o
/usr/bin/cc   -DCMAKE_HAVE_LIBC_PTHREAD   -o CMakeFiles/cmTC_791a3.dir/src.c.o   -c /root/doxygen/build/CMakeFiles/CMakeTmp/src.c
Linking C executable cmTC_791a3
/usr/bin/cmake -E cmake_link_script CMakeFiles/cmTC_791a3.dir/link.txt --verbose=1
/usr/bin/cc  -DCMAKE_HAVE_LIBC_PTHREAD    -rdynamic CMakeFiles/cmTC_791a3.dir/src.c.o  -o cmTC_791a3 
/usr/bin/ld: CMakeFiles/cmTC_791a3.dir/src.c.o: in function `main':
src.c:(.text+0x46): undefined reference to `pthread_create'
/usr/bin/ld: src.c:(.text+0x52): undefined reference to `pthread_detach'
/usr/bin/ld: src.c:(.text+0x63): undefined reference to `pthread_join'
collect2: error: ld returned 1 exit status
make[1]: *** [CMakeFiles/cmTC_791a3.dir/build.make:87: cmTC_791a3] Error 1
make[1]: Leaving directory '/root/doxygen/build/CMakeFiles/CMakeTmp'
make: *** [Makefile:121: cmTC_791a3/fast] Error 2


Source file was:
#include <pthread.h>

void* test_func(void* data)
{
  return data;
}

int main(void)
{
  pthread_t thread;
  pthread_create(&thread, NULL, test_func, NULL);
  pthread_detach(thread);
  pthread_join(thread, NULL);
  pthread_atfork(NULL, NULL, NULL);
  pthread_exit(NULL);

  return 0;
}

Determining if the function pthread_create exists in the pthreads failed with the following output:
Change Dir: /root/doxygen/build/CMakeFiles/CMakeTmp

Run Build Command(s):/usr/bin/make cmTC_01b8a/fast && /usr/bin/make -f CMakeFiles/cmTC_01b8a.dir/build.make CMakeFiles/cmTC_01b8a.dir/build
make[1]: Entering directory '/root/doxygen/build/CMakeFiles/CMakeTmp'
Building C object CMakeFiles/cmTC_01b8a.dir/CheckFunctionExists.c.o
/usr/bin/cc   -DCHECK_FUNCTION_EXISTS=pthread_create   -o CMakeFiles/cmTC_01b8a.dir/CheckFunctionExists.c.o   -c /usr/share/cmake-3.16/Modules/CheckFunctionExists.c
Linking C executable cmTC_01b8a
/usr/bin/cmake -E cmake_link_script CMakeFiles/cmTC_01b8a.dir/link.txt --verbose=1
/usr/bin/cc  -DCHECK_FUNCTION_EXISTS=pthread_create    -rdynamic CMakeFiles/cmTC_01b8a.dir/CheckFunctionExists.c.o  -o cmTC_01b8a  -lpthreads 
/usr/bin/ld: cannot find -lpthreads
collect2: error: ld returned 1 exit status
make[1]: *** [CMakeFiles/cmTC_01b8a.dir/build.make:87: cmTC_01b8a] Error 1
make[1]: Leaving directory '/root/doxygen/build/CMakeFiles/CMakeTmp'
make: *** [Makefile:121: cmTC_01b8a/fast] Error 2



Performing C++ SOURCE FILE Test ICONV_ACCEPTS_CONST_INPUT failed with the following output:
Change Dir: /root/doxygen/build/CMakeFiles/CMakeTmp

Run Build Command(s):/usr/bin/make cmTC_6a824/fast && /usr/bin/make -f CMakeFiles/cmTC_6a824.dir/build.make CMakeFiles/cmTC_6a824.dir/build
make[1]: Entering directory '/root/doxygen/build/CMakeFiles/CMakeTmp'
Building CXX object CMakeFiles/cmTC_6a824.dir/src.cxx.o
/usr/bin/c++    -DICONV_ACCEPTS_CONST_INPUT   -o CMakeFiles/cmTC_6a824.dir/src.cxx.o -c /root/doxygen/build/CMakeFiles/CMakeTmp/src.cxx
/root/doxygen/build/CMakeFiles/CMakeTmp/src.cxx: In function ‘int main()’:
/root/doxygen/build/CMakeFiles/CMakeTmp/src.cxx:4:32: error: invalid conversion from ‘const char**’ to ‘char**’ [-fpermissive]
    4 |             iconv(iconv_t(-1), &p, 0, 0, 0);
      |                                ^~
      |                                |
      |                                const char**
In file included from /root/doxygen/build/CMakeFiles/CMakeTmp/src.cxx:1:
/usr/include/iconv.h:42:54: note:   initializing argument 2 of ‘size_t iconv(iconv_t, char**, size_t*, char**, size_t*)’
   42 | extern size_t iconv (iconv_t __cd, char **__restrict __inbuf,
      |                                    ~~~~~~~~~~~~~~~~~~^~~~~~~
make[1]: *** [CMakeFiles/cmTC_6a824.dir/build.make:66: CMakeFiles/cmTC_6a824.dir/src.cxx.o] Error 1
make[1]: Leaving directory '/root/doxygen/build/CMakeFiles/CMakeTmp'
make: *** [Makefile:121: cmTC_6a824/fast] Error 2


Source file was:
#include <iconv.h>
         int main() {
            char const *p = 0;
            iconv(iconv_t(-1), &p, 0, 0, 0);
         }
